Performing C SOURCE FILE Test HAVE_GCC_WDOCUMENTATION failed with the following output:
Change Dir: /home/niki_hendel/UNI/4Semester/GPU/Abgabe/Game/build/CMakeFiles/CMakeTmp

Run Build Command(s):/usr/bin/gmake -f Makefile cmTC_51f75/fast && /usr/bin/gmake  -f CMakeFiles/cmTC_51f75.dir/build.make CMakeFiles/cmTC_51f75.dir/build
gmake[1]: Entering directory '/home/niki_hendel/UNI/4Semester/GPU/Abgabe/Game/build/CMakeFiles/CMakeTmp'
Building C object CMakeFiles/cmTC_51f75.dir/src.c.o
/usr/bin/cc -DHAVE_GCC_WDOCUMENTATION  -D_GNU_SOURCE=1   -Wdocumentation -o CMakeFiles/cmTC_51f75.dir/src.c.o -c /home/niki_hendel/UNI/4Semester/GPU/Abgabe/Game/build/CMakeFiles/CMakeTmp/src.c
cc: error: unrecognized command-line option '-Wdocumentation'
gmake[1]: *** [CMakeFiles/cmTC_51f75.dir/build.make:78: CMakeFiles/cmTC_51f75.dir/src.c.o] Error 1
gmake[1]: Leaving directory '/home/niki_hendel/UNI/4Semester/GPU/Abgabe/Game/build/CMakeFiles/CMakeTmp'
gmake: *** [Makefile:127: cmTC_51f75/fast] Error 2


Source file was:
int main(void) { return 0; }
Performing C SOURCE FILE Test HAVE_GCC_WDOCUMENTATION_UNKNOWN_COMMAND failed with the following output:
Change Dir: /home/niki_hendel/UNI/4Semester/GPU/Abgabe/Game/build/CMakeFiles/CMakeTmp

Run Build Command(s):/usr/bin/gmake -f Makefile cmTC_09216/fast && /usr/bin/gmake  -f CMakeFiles/cmTC_09216.dir/build.make CMakeFiles/cmTC_09216.dir/build
gmake[1]: Entering directory '/home/niki_hendel/UNI/4Semester/GPU/Abgabe/Game/build/CMakeFiles/CMakeTmp'
Building C object CMakeFiles/cmTC_09216.dir/src.c.o
/usr/bin/cc -DHAVE_GCC_WDOCUMENTATION_UNKNOWN_COMMAND  -D_GNU_SOURCE=1   -Wdocumentation-unknown-command -o CMakeFiles/cmTC_09216.dir/src.c.o -c /home/niki_hendel/UNI/4Semester/GPU/Abgabe/Game/build/CMakeFiles/CMakeTmp/src.c
cc: error: unrecognized command-line option '-Wdocumentation-unknown-command'
gmake[1]: *** [CMakeFiles/cmTC_09216.dir/build.make:78: CMakeFiles/cmTC_09216.dir/src.c.o] Error 1
gmake[1]: Leaving directory '/home/niki_hendel/UNI/4Semester/GPU/Abgabe/Game/build/CMakeFiles/CMakeTmp'
gmake: *** [Makefile:127: cmTC_09216/fast] Error 2


Source file was:
int main(void) { return 0; }
Performing C SOURCE FILE Test HAVE_GCC_COMMENT_BLOCK_COMMANDS failed with the following output:
Change Dir: /home/niki_hendel/UNI/4Semester/GPU/Abgabe/Game/build/CMakeFiles/CMakeTmp

Run Build Command(s):/usr/bin/gmake -f Makefile cmTC_d5d60/fast && /usr/bin/gmake  -f CMakeFiles/cmTC_d5d60.dir/build.make CMakeFiles/cmTC_d5d60.dir/build
gmake[1]: Entering directory '/home/niki_hendel/UNI/4Semester/GPU/Abgabe/Game/build/CMakeFiles/CMakeTmp'
Building C object CMakeFiles/cmTC_d5d60.dir/src.c.o
/usr/bin/cc -DHAVE_GCC_COMMENT_BLOCK_COMMANDS  -D_GNU_SOURCE=1   -fcomment-block-commands=threadsafety -o CMakeFiles/cmTC_d5d60.dir/src.c.o -c /home/niki_hendel/UNI/4Semester/GPU/Abgabe/Game/build/CMakeFiles/CMakeTmp/src.c
cc: error: unrecognized command-line option '-fcomment-block-commands=threadsafety'
gmake[1]: *** [CMakeFiles/cmTC_d5d60.dir/build.make:78: CMakeFiles/cmTC_d5d60.dir/src.c.o] Error 1
gmake[1]: Leaving directory '/home/niki_hendel/UNI/4Semester/GPU/Abgabe/Game/build/CMakeFiles/CMakeTmp'
gmake: *** [Makefile:127: cmTC_d5d60/fast] Error 2


Source file was:
int main(void) { return 0; }
Performing C SOURCE FILE Test HAVE_CLANG_COMMENT_BLOCK_COMMANDS failed with the following output:
Change Dir: /home/niki_hendel/UNI/4Semester/GPU/Abgabe/Game/build/CMakeFiles/CMakeTmp

Run Build Command(s):/usr/bin/gmake -f Makefile cmTC_219c6/fast && /usr/bin/gmake  -f CMakeFiles/cmTC_219c6.dir/build.make CMakeFiles/cmTC_219c6.dir/build
gmake[1]: Entering directory '/home/niki_hendel/UNI/4Semester/GPU/Abgabe/Game/build/CMakeFiles/CMakeTmp'
Building C object CMakeFiles/cmTC_219c6.dir/src.c.o
/usr/bin/cc -DHAVE_CLANG_COMMENT_BLOCK_COMMANDS  -D_GNU_SOURCE=1   /clang:-fcomment-block-commands=threadsafety -o CMakeFiles/cmTC_219c6.dir/src.c.o -c /home/niki_hendel/UNI/4Semester/GPU/Abgabe/Game/build/CMakeFiles/CMakeTmp/src.c
cc: warning: /clang:-fcomment-block-commands=threadsafety: linker input file unused because linking not done
cc: error: /clang:-fcomment-block-commands=threadsafety: linker input file not found: No such file or directory
gmake[1]: *** [CMakeFiles/cmTC_219c6.dir/build.make:78: CMakeFiles/cmTC_219c6.dir/src.c.o] Error 1
gmake[1]: *** Deleting file 'CMakeFiles/cmTC_219c6.dir/src.c.o'
gmake[1]: Leaving directory '/home/niki_hendel/UNI/4Semester/GPU/Abgabe/Game/build/CMakeFiles/CMakeTmp'
gmake: *** [Makefile:127: cmTC_219c6/fast] Error 2


Source file was:
int main(void) { return 0; }
Determining if the _i64toa exist failed with the following output:
Change Dir: /home/niki_hendel/UNI/4Semester/GPU/Abgabe/Game/build/CMakeFiles/CMakeTmp

Run Build Command(s):/usr/bin/gmake -f Makefile cmTC_a3897/fast && /usr/bin/gmake  -f CMakeFiles/cmTC_a3897.dir/build.make CMakeFiles/cmTC_a3897.dir/build
gmake[1]: Entering directory '/home/niki_hendel/UNI/4Semester/GPU/Abgabe/Game/build/CMakeFiles/CMakeTmp'
Building C object CMakeFiles/cmTC_a3897.dir/CheckSymbolExists.c.o
/usr/bin/cc   -D_GNU_SOURCE=1 -o CMakeFiles/cmTC_a3897.dir/CheckSymbolExists.c.o -c /home/niki_hendel/UNI/4Semester/GPU/Abgabe/Game/build/CMakeFiles/CMakeTmp/CheckSymbolExists.c
/home/niki_hendel/UNI/4Semester/GPU/Abgabe/Game/build/CMakeFiles/CMakeTmp/CheckSymbolExists.c: In function ‘main’:
/home/niki_hendel/UNI/4Semester/GPU/Abgabe/Game/build/CMakeFiles/CMakeTmp/CheckSymbolExists.c:26:19: error: ‘_i64toa’ undeclared (first use in this function)
   26 |   return ((int*)(&_i64toa))[argc];
      |                   ^~~~~~~
/home/niki_hendel/UNI/4Semester/GPU/Abgabe/Game/build/CMakeFiles/CMakeTmp/CheckSymbolExists.c:26:19: note: each undeclared identifier is reported only once for each function it appears in
gmake[1]: *** [CMakeFiles/cmTC_a3897.dir/build.make:78: CMakeFiles/cmTC_a3897.dir/CheckSymbolExists.c.o] Error 1
gmake[1]: Leaving directory '/home/niki_hendel/UNI/4Semester/GPU/Abgabe/Game/build/CMakeFiles/CMakeTmp'
gmake: *** [Makefile:127: cmTC_a3897/fast] Error 2


File /home/niki_hendel/UNI/4Semester/GPU/Abgabe/Game/build/CMakeFiles/CMakeTmp/CheckSymbolExists.c:
/* */
#include <float.h>
#include <iconv.h>
#include <inttypes.h>
#include <limits.h>
#include <malloc.h>
#include <math.h>
#include <memory.h>
#include <signal.h>
#include <stdarg.h>
#include <stdbool.h>
#include <stddef.h>
#include <stdint.h>
#include <stdio.h>
#include <stdlib.h>
#include <string.h>
#include <strings.h>
#include <sys/types.h>
#include <time.h>
#include <wchar.h>

int main(int argc, char** argv)
{
  (void)argv;
#ifndef _i64toa
  return ((int*)(&_i64toa))[argc];
#else
  (void)argc;
  return 0;
#endif
}
Determining if the itoa exist failed with the following output:
Change Dir: /home/niki_hendel/UNI/4Semester/GPU/Abgabe/Game/build/CMakeFiles/CMakeTmp

Run Build Command(s):/usr/bin/gmake -f Makefile cmTC_65a49/fast && /usr/bin/gmake  -f CMakeFiles/cmTC_65a49.dir/build.make CMakeFiles/cmTC_65a49.dir/build
gmake[1]: Entering directory '/home/niki_hendel/UNI/4Semester/GPU/Abgabe/Game/build/CMakeFiles/CMakeTmp'
Building C object CMakeFiles/cmTC_65a49.dir/CheckSymbolExists.c.o
/usr/bin/cc   -D_GNU_SOURCE=1 -o CMakeFiles/cmTC_65a49.dir/CheckSymbolExists.c.o -c /home/niki_hendel/UNI/4Semester/GPU/Abgabe/Game/build/CMakeFiles/CMakeTmp/CheckSymbolExists.c
/home/niki_hendel/UNI/4Semester/GPU/Abgabe/Game/build/CMakeFiles/CMakeTmp/CheckSymbolExists.c: In function ‘main’:
/home/niki_hendel/UNI/4Semester/GPU/Abgabe/Game/build/CMakeFiles/CMakeTmp/CheckSymbolExists.c:26:19: error: ‘itoa’ undeclared (first use in this function)
   26 |   return ((int*)(&itoa))[argc];
      |                   ^~~~
/home/niki_hendel/UNI/4Semester/GPU/Abgabe/Game/build/CMakeFiles/CMakeTmp/CheckSymbolExists.c:26:19: note: each undeclared identifier is reported only once for each function it appears in
gmake[1]: *** [CMakeFiles/cmTC_65a49.dir/build.make:78: CMakeFiles/cmTC_65a49.dir/CheckSymbolExists.c.o] Error 1
gmake[1]: Leaving directory '/home/niki_hendel/UNI/4Semester/GPU/Abgabe/Game/build/CMakeFiles/CMakeTmp'
gmake: *** [Makefile:127: cmTC_65a49/fast] Error 2


File /home/niki_hendel/UNI/4Semester/GPU/Abgabe/Game/build/CMakeFiles/CMakeTmp/CheckSymbolExists.c:
/* */
#include <float.h>
#include <iconv.h>
#include <inttypes.h>
#include <limits.h>
#include <malloc.h>
#include <math.h>
#include <memory.h>
#include <signal.h>
#include <stdarg.h>
#include <stdbool.h>
#include <stddef.h>
#include <stdint.h>
#include <stdio.h>
#include <stdlib.h>
#include <string.h>
#include <strings.h>
#include <sys/types.h>
#include <time.h>
#include <wchar.h>

int main(int argc, char** argv)
{
  (void)argv;
#ifndef itoa
  return ((int*)(&itoa))[argc];
#else
  (void)argc;
  return 0;
#endif
}
Determining if the _ltoa exist failed with the following output:
Change Dir: /home/niki_hendel/UNI/4Semester/GPU/Abgabe/Game/build/CMakeFiles/CMakeTmp

Run Build Command(s):/usr/bin/gmake -f Makefile cmTC_8b8b7/fast && /usr/bin/gmake  -f CMakeFiles/cmTC_8b8b7.dir/build.make CMakeFiles/cmTC_8b8b7.dir/build
gmake[1]: Entering directory '/home/niki_hendel/UNI/4Semester/GPU/Abgabe/Game/build/CMakeFiles/CMakeTmp'
Building C object CMakeFiles/cmTC_8b8b7.dir/CheckSymbolExists.c.o
/usr/bin/cc   -D_GNU_SOURCE=1 -o CMakeFiles/cmTC_8b8b7.dir/CheckSymbolExists.c.o -c /home/niki_hendel/UNI/4Semester/GPU/Abgabe/Game/build/CMakeFiles/CMakeTmp/CheckSymbolExists.c
/home/niki_hendel/UNI/4Semester/GPU/Abgabe/Game/build/CMakeFiles/CMakeTmp/CheckSymbolExists.c: In function ‘main’:
/home/niki_hendel/UNI/4Semester/GPU/Abgabe/Game/build/CMakeFiles/CMakeTmp/CheckSymbolExists.c:26:19: error: ‘_ltoa’ undeclared (first use in this function)
   26 |   return ((int*)(&_ltoa))[argc];
      |                   ^~~~~
/home/niki_hendel/UNI/4Semester/GPU/Abgabe/Game/build/CMakeFiles/CMakeTmp/CheckSymbolExists.c:26:19: note: each undeclared identifier is reported only once for each function it appears in
gmake[1]: *** [CMakeFiles/cmTC_8b8b7.dir/build.make:78: CMakeFiles/cmTC_8b8b7.dir/CheckSymbolExists.c.o] Error 1
gmake[1]: Leaving directory '/home/niki_hendel/UNI/4Semester/GPU/Abgabe/Game/build/CMakeFiles/CMakeTmp'
gmake: *** [Makefile:127: cmTC_8b8b7/fast] Error 2


File /home/niki_hendel/UNI/4Semester/GPU/Abgabe/Game/build/CMakeFiles/CMakeTmp/CheckSymbolExists.c:
/* */
#include <float.h>
#include <iconv.h>
#include <inttypes.h>
#include <limits.h>
#include <malloc.h>
#include <math.h>
#include <memory.h>
#include <signal.h>
#include <stdarg.h>
#include <stdbool.h>
#include <stddef.h>
#include <stdint.h>
#include <stdio.h>
#include <stdlib.h>
#include <string.h>
#include <strings.h>
#include <sys/types.h>
#include <time.h>
#include <wchar.h>

int main(int argc, char** argv)
{
  (void)argv;
#ifndef _ltoa
  return ((int*)(&_ltoa))[argc];
#else
  (void)argc;
  return 0;
#endif
}
Determining if the sqr exist failed with the following output:
Change Dir: /home/niki_hendel/UNI/4Semester/GPU/Abgabe/Game/build/CMakeFiles/CMakeTmp

Run Build Command(s):/usr/bin/gmake -f Makefile cmTC_1fa48/fast && /usr/bin/gmake  -f CMakeFiles/cmTC_1fa48.dir/build.make CMakeFiles/cmTC_1fa48.dir/build
gmake[1]: Entering directory '/home/niki_hendel/UNI/4Semester/GPU/Abgabe/Game/build/CMakeFiles/CMakeTmp'
Building C object CMakeFiles/cmTC_1fa48.dir/CheckSymbolExists.c.o
/usr/bin/cc   -D_GNU_SOURCE=1 -o CMakeFiles/cmTC_1fa48.dir/CheckSymbolExists.c.o -c /home/niki_hendel/UNI/4Semester/GPU/Abgabe/Game/build/CMakeFiles/CMakeTmp/CheckSymbolExists.c
/home/niki_hendel/UNI/4Semester/GPU/Abgabe/Game/build/CMakeFiles/CMakeTmp/CheckSymbolExists.c: In function ‘main’:
/home/niki_hendel/UNI/4Semester/GPU/Abgabe/Game/build/CMakeFiles/CMakeTmp/CheckSymbolExists.c:26:19: error: ‘sqr’ undeclared (first use in this function); did you mean ‘sqrt’?
   26 |   return ((int*)(&sqr))[argc];
      |                   ^~~
      |                   sqrt
/home/niki_hendel/UNI/4Semester/GPU/Abgabe/Game/build/CMakeFiles/CMakeTmp/CheckSymbolExists.c:26:19: note: each undeclared identifier is reported only once for each function it appears in
gmake[1]: *** [CMakeFiles/cmTC_1fa48.dir/build.make:78: CMakeFiles/cmTC_1fa48.dir/CheckSymbolExists.c.o] Error 1
gmake[1]: Leaving directory '/home/niki_hendel/UNI/4Semester/GPU/Abgabe/Game/build/CMakeFiles/CMakeTmp'
gmake: *** [Makefile:127: cmTC_1fa48/fast] Error 2


File /home/niki_hendel/UNI/4Semester/GPU/Abgabe/Game/build/CMakeFiles/CMakeTmp/CheckSymbolExists.c:
/* */
#include <float.h>
#include <iconv.h>
#include <inttypes.h>
#include <limits.h>
#include <malloc.h>
#include <math.h>
#include <memory.h>
#include <signal.h>
#include <stdarg.h>
#include <stdbool.h>
#include <stddef.h>
#include <stdint.h>
#include <stdio.h>
#include <stdlib.h>
#include <string.h>
#include <strings.h>
#include <sys/types.h>
#include <time.h>
#include <wchar.h>

int main(int argc, char** argv)
{
  (void)argv;
#ifndef sqr
  return ((int*)(&sqr))[argc];
#else
  (void)argc;
  return 0;
#endif
}
Determining if the strnstr exist failed with the following output:
Change Dir: /home/niki_hendel/UNI/4Semester/GPU/Abgabe/Game/build/CMakeFiles/CMakeTmp

Run Build Command(s):/usr/bin/gmake -f Makefile cmTC_e0e54/fast && /usr/bin/gmake  -f CMakeFiles/cmTC_e0e54.dir/build.make CMakeFiles/cmTC_e0e54.dir/build
gmake[1]: Entering directory '/home/niki_hendel/UNI/4Semester/GPU/Abgabe/Game/build/CMakeFiles/CMakeTmp'
Building C object CMakeFiles/cmTC_e0e54.dir/CheckSymbolExists.c.o
/usr/bin/cc   -D_GNU_SOURCE=1 -o CMakeFiles/cmTC_e0e54.dir/CheckSymbolExists.c.o -c /home/niki_hendel/UNI/4Semester/GPU/Abgabe/Game/build/CMakeFiles/CMakeTmp/CheckSymbolExists.c
/home/niki_hendel/UNI/4Semester/GPU/Abgabe/Game/build/CMakeFiles/CMakeTmp/CheckSymbolExists.c: In function ‘main’:
/home/niki_hendel/UNI/4Semester/GPU/Abgabe/Game/build/CMakeFiles/CMakeTmp/CheckSymbolExists.c:26:19: error: ‘strnstr’ undeclared (first use in this function); did you mean ‘strstr’?
   26 |   return ((int*)(&strnstr))[argc];
      |                   ^~~~~~~
      |                   strstr
/home/niki_hendel/UNI/4Semester/GPU/Abgabe/Game/build/CMakeFiles/CMakeTmp/CheckSymbolExists.c:26:19: note: each undeclared identifier is reported only once for each function it appears in
gmake[1]: *** [CMakeFiles/cmTC_e0e54.dir/build.make:78: CMakeFiles/cmTC_e0e54.dir/CheckSymbolExists.c.o] Error 1
gmake[1]: Leaving directory '/home/niki_hendel/UNI/4Semester/GPU/Abgabe/Game/build/CMakeFiles/CMakeTmp'
gmake: *** [Makefile:127: cmTC_e0e54/fast] Error 2


File /home/niki_hendel/UNI/4Semester/GPU/Abgabe/Game/build/CMakeFiles/CMakeTmp/CheckSymbolExists.c:
/* */
#include <float.h>
#include <iconv.h>
#include <inttypes.h>
#include <limits.h>
#include <malloc.h>
#include <math.h>
#include <memory.h>
#include <signal.h>
#include <stdarg.h>
#include <stdbool.h>
#include <stddef.h>
#include <stdint.h>
#include <stdio.h>
#include <stdlib.h>
#include <string.h>
#include <strings.h>
#include <sys/types.h>
#include <time.h>
#include <wchar.h>

int main(int argc, char** argv)
{
  (void)argv;
#ifndef strnstr
  return ((int*)(&strnstr))[argc];
#else
  (void)argc;
  return 0;
#endif
}
Determining if the sysctlbyname exist failed with the following output:
Change Dir: /home/niki_hendel/UNI/4Semester/GPU/Abgabe/Game/build/CMakeFiles/CMakeTmp

Run Build Command(s):/usr/bin/gmake -f Makefile cmTC_de02d/fast && /usr/bin/gmake  -f CMakeFiles/cmTC_de02d.dir/build.make CMakeFiles/cmTC_de02d.dir/build
gmake[1]: Entering directory '/home/niki_hendel/UNI/4Semester/GPU/Abgabe/Game/build/CMakeFiles/CMakeTmp'
Building C object CMakeFiles/cmTC_de02d.dir/CheckSymbolExists.c.o
/usr/bin/cc   -D_GNU_SOURCE=1 -o CMakeFiles/cmTC_de02d.dir/CheckSymbolExists.c.o -c /home/niki_hendel/UNI/4Semester/GPU/Abgabe/Game/build/CMakeFiles/CMakeTmp/CheckSymbolExists.c
/home/niki_hendel/UNI/4Semester/GPU/Abgabe/Game/build/CMakeFiles/CMakeTmp/CheckSymbolExists.c:3:10: fatal error: sys/sysctl.h: No such file or directory
    3 | #include <sys/sysctl.h>
      |          ^~~~~~~~~~~~~~
compilation terminated.
gmake[1]: *** [CMakeFiles/cmTC_de02d.dir/build.make:78: CMakeFiles/cmTC_de02d.dir/CheckSymbolExists.c.o] Error 1
gmake[1]: Leaving directory '/home/niki_hendel/UNI/4Semester/GPU/Abgabe/Game/build/CMakeFiles/CMakeTmp'
gmake: *** [Makefile:127: cmTC_de02d/fast] Error 2


File /home/niki_hendel/UNI/4Semester/GPU/Abgabe/Game/build/CMakeFiles/CMakeTmp/CheckSymbolExists.c:
/* */
#include <sys/types.h>
#include <sys/sysctl.h>

int main(int argc, char** argv)
{
  (void)argv;
#ifndef sysctlbyname
  return ((int*)(&sysctlbyname))[argc];
#else
  (void)argc;
  return 0;
#endif
}
Determining if the elf_aux_info exist failed with the following output:
Change Dir: /home/niki_hendel/UNI/4Semester/GPU/Abgabe/Game/build/CMakeFiles/CMakeTmp

Run Build Command(s):/usr/bin/gmake -f Makefile cmTC_a4228/fast && /usr/bin/gmake  -f CMakeFiles/cmTC_a4228.dir/build.make CMakeFiles/cmTC_a4228.dir/build
gmake[1]: Entering directory '/home/niki_hendel/UNI/4Semester/GPU/Abgabe/Game/build/CMakeFiles/CMakeTmp'
Building C object CMakeFiles/cmTC_a4228.dir/CheckSymbolExists.c.o
/usr/bin/cc   -D_GNU_SOURCE=1 -o CMakeFiles/cmTC_a4228.dir/CheckSymbolExists.c.o -c /home/niki_hendel/UNI/4Semester/GPU/Abgabe/Game/build/CMakeFiles/CMakeTmp/CheckSymbolExists.c
/home/niki_hendel/UNI/4Semester/GPU/Abgabe/Game/build/CMakeFiles/CMakeTmp/CheckSymbolExists.c: In function ‘main’:
/home/niki_hendel/UNI/4Semester/GPU/Abgabe/Game/build/CMakeFiles/CMakeTmp/CheckSymbolExists.c:8:19: error: ‘elf_aux_info’ undeclared (first use in this function)
    8 |   return ((int*)(&elf_aux_info))[argc];
      |                   ^~~~~~~~~~~~
/home/niki_hendel/UNI/4Semester/GPU/Abgabe/Game/build/CMakeFiles/CMakeTmp/CheckSymbolExists.c:8:19: note: each undeclared identifier is reported only once for each function it appears in
gmake[1]: *** [CMakeFiles/cmTC_a4228.dir/build.make:78: CMakeFiles/cmTC_a4228.dir/CheckSymbolExists.c.o] Error 1
gmake[1]: Leaving directory '/home/niki_hendel/UNI/4Semester/GPU/Abgabe/Game/build/CMakeFiles/CMakeTmp'
gmake: *** [Makefile:127: cmTC_a4228/fast] Error 2


File /home/niki_hendel/UNI/4Semester/GPU/Abgabe/Game/build/CMakeFiles/CMakeTmp/CheckSymbolExists.c:
/* */
#include <sys/auxv.h>

int main(int argc, char** argv)
{
  (void)argv;
#ifndef elf_aux_info
  return ((int*)(&elf_aux_info))[argc];
#else
  (void)argc;
  return 0;
#endif
}
Determining if the posix_spawn_file_actions_addchdir exist failed with the following output:
Change Dir: /home/niki_hendel/UNI/4Semester/GPU/Abgabe/Game/build/CMakeFiles/CMakeTmp

Run Build Command(s):/usr/bin/gmake -f Makefile cmTC_d3773/fast && /usr/bin/gmake  -f CMakeFiles/cmTC_d3773.dir/build.make CMakeFiles/cmTC_d3773.dir/build
gmake[1]: Entering directory '/home/niki_hendel/UNI/4Semester/GPU/Abgabe/Game/build/CMakeFiles/CMakeTmp'
Building C object CMakeFiles/cmTC_d3773.dir/CheckSymbolExists.c.o
/usr/bin/cc   -D_GNU_SOURCE=1 -o CMakeFiles/cmTC_d3773.dir/CheckSymbolExists.c.o -c /home/niki_hendel/UNI/4Semester/GPU/Abgabe/Game/build/CMakeFiles/CMakeTmp/CheckSymbolExists.c
/home/niki_hendel/UNI/4Semester/GPU/Abgabe/Game/build/CMakeFiles/CMakeTmp/CheckSymbolExists.c: In function ‘main’:
/home/niki_hendel/UNI/4Semester/GPU/Abgabe/Game/build/CMakeFiles/CMakeTmp/CheckSymbolExists.c:8:19: error: ‘posix_spawn_file_actions_addchdir’ undeclared (first use in this function); did you mean ‘posix_spawn_file_actions_addchdir_np’?
    8 |   return ((int*)(&posix_spawn_file_actions_addchdir))[argc];
      |                   ^~~~~~~~~~~~~~~~~~~~~~~~~~~~~~~~~
      |                   posix_spawn_file_actions_addchdir_np
/home/niki_hendel/UNI/4Semester/GPU/Abgabe/Game/build/CMakeFiles/CMakeTmp/CheckSymbolExists.c:8:19: note: each undeclared identifier is reported only once for each function it appears in
gmake[1]: *** [CMakeFiles/cmTC_d3773.dir/build.make:78: CMakeFiles/cmTC_d3773.dir/CheckSymbolExists.c.o] Error 1
gmake[1]: Leaving directory '/home/niki_hendel/UNI/4Semester/GPU/Abgabe/Game/build/CMakeFiles/CMakeTmp'
gmake: *** [Makefile:127: cmTC_d3773/fast] Error 2


File /home/niki_hendel/UNI/4Semester/GPU/Abgabe/Game/build/CMakeFiles/CMakeTmp/CheckSymbolExists.c:
/* */
#include <spawn.h>

int main(int argc, char** argv)
{
  (void)argv;
#ifndef posix_spawn_file_actions_addchdir
  return ((int*)(&posix_spawn_file_actions_addchdir))[argc];
#else
  (void)argc;
  return 0;
#endif
}
Performing C SOURCE FILE Test ICONV_IN_LIBICONV failed with the following output:
Change Dir: /home/niki_hendel/UNI/4Semester/GPU/Abgabe/Game/build/CMakeFiles/CMakeTmp

Run Build Command(s):/usr/bin/gmake -f Makefile cmTC_8857f/fast && /usr/bin/gmake  -f CMakeFiles/cmTC_8857f.dir/build.make CMakeFiles/cmTC_8857f.dir/build
gmake[1]: Entering directory '/home/niki_hendel/UNI/4Semester/GPU/Abgabe/Game/build/CMakeFiles/CMakeTmp'
Building C object CMakeFiles/cmTC_8857f.dir/src.c.o
/usr/bin/cc -DICONV_IN_LIBICONV  -D_GNU_SOURCE=1 -o CMakeFiles/cmTC_8857f.dir/src.c.o -c /home/niki_hendel/UNI/4Semester/GPU/Abgabe/Game/build/CMakeFiles/CMakeTmp/src.c
Linking C executable cmTC_8857f
/usr/bin/cmake -E cmake_link_script CMakeFiles/cmTC_8857f.dir/link.txt --verbose=1
/usr/bin/cc   -D_GNU_SOURCE=1 CMakeFiles/cmTC_8857f.dir/src.c.o -o cmTC_8857f  -liconv 
/usr/bin/ld: cannot find -liconv: No such file or directory
collect2: error: ld returned 1 exit status
gmake[1]: *** [CMakeFiles/cmTC_8857f.dir/build.make:99: cmTC_8857f] Error 1
gmake[1]: Leaving directory '/home/niki_hendel/UNI/4Semester/GPU/Abgabe/Game/build/CMakeFiles/CMakeTmp'
gmake: *** [Makefile:127: cmTC_8857f/fast] Error 2


Source file was:

        #include <stddef.h>
        #include <iconv.h>
        int main(int argc, char **argv) {
            return !iconv_open(NULL,NULL);
        }
Performing C SOURCE FILE Test LIBC_HAS_WORKING_LIBUNWIND failed with the following output:
Change Dir: /home/niki_hendel/UNI/4Semester/GPU/Abgabe/Game/build/CMakeFiles/CMakeTmp

Run Build Command(s):/usr/bin/gmake -f Makefile cmTC_9daab/fast && /usr/bin/gmake  -f CMakeFiles/cmTC_9daab.dir/build.make CMakeFiles/cmTC_9daab.dir/build
gmake[1]: Entering directory '/home/niki_hendel/UNI/4Semester/GPU/Abgabe/Game/build/CMakeFiles/CMakeTmp'
Building C object CMakeFiles/cmTC_9daab.dir/src.c.o
/usr/bin/cc -DLIBC_HAS_WORKING_LIBUNWIND  -D_GNU_SOURCE=1 -o CMakeFiles/cmTC_9daab.dir/src.c.o -c /home/niki_hendel/UNI/4Semester/GPU/Abgabe/Game/build/CMakeFiles/CMakeTmp/src.c
/home/niki_hendel/UNI/4Semester/GPU/Abgabe/Game/build/CMakeFiles/CMakeTmp/src.c:1:16: fatal error: libunwind.h: No such file or directory
    1 |       #include <libunwind.h>
      |                ^~~~~~~~~~~~~
compilation terminated.
gmake[1]: *** [CMakeFiles/cmTC_9daab.dir/build.make:78: CMakeFiles/cmTC_9daab.dir/src.c.o] Error 1
gmake[1]: Leaving directory '/home/niki_hendel/UNI/4Semester/GPU/Abgabe/Game/build/CMakeFiles/CMakeTmp'
gmake: *** [Makefile:127: cmTC_9daab/fast] Error 2


Source file was:
      #include <libunwind.h>
      int main(int argc, char *argv[]) {
        (void)argc; (void)argv;
        unw_context_t context;
        unw_cursor_t cursor;
        unw_word_t pc;
        char sym[256];
        unw_word_t offset;
        unw_getcontext(&context);
        unw_step(&cursor);
        unw_get_reg(&cursor, UNW_REG_IP, &pc);
        unw_get_proc_name(&cursor, sym, sizeof(sym), &offset);
        return 0;
      }
Performing C SOURCE FILE Test LIBUNWIND_HAS_WORKINGLIBUNWIND failed with the following output:
Change Dir: /home/niki_hendel/UNI/4Semester/GPU/Abgabe/Game/build/CMakeFiles/CMakeTmp

Run Build Command(s):/usr/bin/gmake -f Makefile cmTC_813c8/fast && /usr/bin/gmake  -f CMakeFiles/cmTC_813c8.dir/build.make CMakeFiles/cmTC_813c8.dir/build
gmake[1]: Entering directory '/home/niki_hendel/UNI/4Semester/GPU/Abgabe/Game/build/CMakeFiles/CMakeTmp'
Building C object CMakeFiles/cmTC_813c8.dir/src.c.o
/usr/bin/cc -DLIBUNWIND_HAS_WORKINGLIBUNWIND  -D_GNU_SOURCE=1 -o CMakeFiles/cmTC_813c8.dir/src.c.o -c /home/niki_hendel/UNI/4Semester/GPU/Abgabe/Game/build/CMakeFiles/CMakeTmp/src.c
/home/niki_hendel/UNI/4Semester/GPU/Abgabe/Game/build/CMakeFiles/CMakeTmp/src.c:1:16: fatal error: libunwind.h: No such file or directory
    1 |       #include <libunwind.h>
      |                ^~~~~~~~~~~~~
compilation terminated.
gmake[1]: *** [CMakeFiles/cmTC_813c8.dir/build.make:78: CMakeFiles/cmTC_813c8.dir/src.c.o] Error 1
gmake[1]: Leaving directory '/home/niki_hendel/UNI/4Semester/GPU/Abgabe/Game/build/CMakeFiles/CMakeTmp'
gmake: *** [Makefile:127: cmTC_813c8/fast] Error 2


Source file was:
      #include <libunwind.h>
      int main(int argc, char *argv[]) {
        (void)argc; (void)argv;
        unw_context_t context;
        unw_cursor_t cursor;
        unw_word_t pc;
        char sym[256];
        unw_word_t offset;
        unw_getcontext(&context);
        unw_step(&cursor);
        unw_get_reg(&cursor, UNW_REG_IP, &pc);
        unw_get_proc_name(&cursor, sym, sizeof(sym), &offset);
        return 0;
      }
Determining if the include file pthread_np.h exists failed with the following output:
Change Dir: /home/niki_hendel/UNI/4Semester/GPU/Abgabe/Game/build/CMakeFiles/CMakeTmp

Run Build Command(s):/usr/bin/gmake -f Makefile cmTC_59f93/fast && /usr/bin/gmake  -f CMakeFiles/cmTC_59f93.dir/build.make CMakeFiles/cmTC_59f93.dir/build
gmake[1]: Entering directory '/home/niki_hendel/UNI/4Semester/GPU/Abgabe/Game/build/CMakeFiles/CMakeTmp'
Building C object CMakeFiles/cmTC_59f93.dir/CheckIncludeFile.c.o
/usr/bin/cc   -D_GNU_SOURCE=1 -D_REENTRANT -pthread -o CMakeFiles/cmTC_59f93.dir/CheckIncludeFile.c.o -c /home/niki_hendel/UNI/4Semester/GPU/Abgabe/Game/build/CMakeFiles/CMakeTmp/CheckIncludeFile.c
/home/niki_hendel/UNI/4Semester/GPU/Abgabe/Game/build/CMakeFiles/CMakeTmp/CheckIncludeFile.c:1:10: fatal error: pthread_np.h: No such file or directory
    1 | #include <pthread_np.h>
      |          ^~~~~~~~~~~~~~
compilation terminated.
gmake[1]: *** [CMakeFiles/cmTC_59f93.dir/build.make:78: CMakeFiles/cmTC_59f93.dir/CheckIncludeFile.c.o] Error 1
gmake[1]: Leaving directory '/home/niki_hendel/UNI/4Semester/GPU/Abgabe/Game/build/CMakeFiles/CMakeTmp'
gmake: *** [Makefile:127: cmTC_59f93/fast] Error 2



